# JRE version: Java(TM) SE Runtime Environment (8.0_261-b12) (build 1.8.0_261-b12)
# Java VM: Java HotSpot(TM) 64-Bit Server VM (25.261-b12 mixed mode windows-amd64 compressed oops)
Heap:
 PSYoungGen      total 13824K, used 9021K [0x00000000d6000000, 0x00000000d7900000, 0x0000000100000000)
  eden space 9216K, 47% used [0x00000000d6000000,0x00000000d6450b80,0x00000000d6900000)
  from space 4608K, 99% used [0x00000000d6f00000,0x00000000d737e970,0x00000000d7380000)
  to   space 6144K, 0% used [0x00000000d6900000,0x00000000d6900000,0x00000000d6f00000)
 ParOldGen       total 10752K, used 7094K [0x0000000082000000, 0x0000000082a80000, 0x00000000d6000000)
  object space 10752K, 65% used [0x0000000082000000,0x00000000826eda68,0x0000000082a80000)
 Metaspace       used 8664K, capacity 9332K, committed 9472K, reserved 1058816K
  class space    used 971K, capacity 1008K, committed 1024K, reserved 1048576K
GC Heap History (10 events):
Event: 0.850 GC heap before
{Heap before GC invocations=7 (full 0):
 PSYoungGen      total 6656K, used 6631K [0x00000000d6000000, 0x00000000d6900000, 0x0000000100000000)
  eden space 5632K, 100% used [0x00000000d6000000,0x00000000d6580000,0x00000000d6580000)
  from space 1024K, 97% used [0x00000000d6700000,0x00000000d67f9ca0,0x00000000d6800000)
  to   space 1536K, 0% used [0x00000000d6580000,0x00000000d6580000,0x00000000d6700000)
 ParOldGen       total 5632K, used 1159K [0x0000000082000000, 0x0000000082580000, 0x00000000d6000000)
  object space 5632K, 20% used [0x0000000082000000,0x0000000082121d28,0x0000000082580000)
 Metaspace       used 7348K, capacity 8244K, committed 8448K, reserved 1056768K
  class space    used 888K, capacity 944K, committed 1024K, reserved 1048576K
Event: 0.855 GC heap after
Heap after GC invocations=7 (full 0):
 PSYoungGen      total 7168K, used 1529K [0x00000000d6000000, 0x00000000d7200000, 0x0000000100000000)
  eden space 5632K, 0% used [0x00000000d6000000,0x00000000d6000000,0x00000000d6580000)
  from space 1536K, 99% used [0x00000000d6580000,0x00000000d66fe610,0x00000000d6700000)
  to   space 3584K, 0% used [0x00000000d6e80000,0x00000000d6e80000,0x00000000d7200000)
 ParOldGen       total 5632K, used 4886K [0x0000000082000000, 0x0000000082580000, 0x00000000d6000000)
  object space 5632K, 86% used [0x0000000082000000,0x00000000824c5a98,0x0000000082580000)
 Metaspace       used 7348K, capacity 8244K, committed 8448K, reserved 1056768K
  class space    used 888K, capacity 944K, committed 1024K, reserved 1048576K
}
Event: 0.855 GC heap before
{Heap before GC invocations=8 (full 1):
 PSYoungGen      total 7168K, used 1529K [0x00000000d6000000, 0x00000000d7200000, 0x0000000100000000)
  eden space 5632K, 0% used [0x00000000d6000000,0x00000000d6000000,0x00000000d6580000)
  from space 1536K, 99% used [0x00000000d6580000,0x00000000d66fe610,0x00000000d6700000)
  to   space 3584K, 0% used [0x00000000d6e80000,0x00000000d6e80000,0x00000000d7200000)
 ParOldGen       total 5632K, used 4886K [0x0000000082000000, 0x0000000082580000, 0x00000000d6000000)
  object space 5632K, 86% used [0x0000000082000000,0x00000000824c5a98,0x0000000082580000)
 Metaspace       used 7348K, capacity 8244K, committed 8448K, reserved 1056768K
  class space    used 888K, capacity 944K, committed 1024K, reserved 1048576K
Event: 0.890 GC heap after
Heap after GC invocations=8 (full 1):
 PSYoungGen      total 7168K, used 502K [0x00000000d6000000, 0x00000000d7200000, 0x0000000100000000)
  eden space 5632K, 0% used [0x00000000d6000000,0x00000000d6000000,0x00000000d6580000)
  from space 1536K, 32% used [0x00000000d6580000,0x00000000d65fdb08,0x00000000d6700000)
  to   space 3584K, 0% used [0x00000000d6e80000,0x00000000d6e80000,0x00000000d7200000)
 ParOldGen       total 10752K, used 5590K [0x0000000082000000, 0x0000000082a80000, 0x00000000d6000000)
  object space 10752K, 51% used [0x0000000082000000,0x0000000082575a68,0x0000000082a80000)
 Metaspace       used 7348K, capacity 8244K, committed 8448K, reserved 1056768K
  class space    used 888K, capacity 944K, committed 1024K, reserved 1048576K
}
Event: 0.957 GC heap before
{Heap before GC invocations=9 (full 1):
 PSYoungGen      total 7168K, used 6134K [0x00000000d6000000, 0x00000000d7200000, 0x0000000100000000)
  eden space 5632K, 100% used [0x00000000d6000000,0x00000000d6580000,0x00000000d6580000)
  from space 1536K, 32% used [0x00000000d6580000,0x00000000d65fdb08,0x00000000d6700000)
  to   space 3584K, 0% used [0x00000000d6e80000,0x00000000d6e80000,0x00000000d7200000)
 ParOldGen       total 10752K, used 5590K [0x0000000082000000, 0x0000000082a80000, 0x00000000d6000000)
  object space 10752K, 51% used [0x0000000082000000,0x0000000082575a68,0x0000000082a80000)
 Metaspace       used 7406K, capacity 8308K, committed 8448K, reserved 1056768K
  class space    used 891K, capacity 944K, committed 1024K, reserved 1048576K
Event: 0.962 GC heap after
Heap after GC invocations=9 (full 1):
 PSYoungGen      total 11776K, used 3255K [0x00000000d6000000, 0x00000000d7200000, 0x0000000100000000)
  eden space 8192K, 0% used [0x00000000d6000000,0x00000000d6000000,0x00000000d6800000)
  from space 3584K, 90% used [0x00000000d6e80000,0x00000000d71adf78,0x00000000d7200000)
  to   space 4096K, 0% used [0x00000000d6a00000,0x00000000d6a00000,0x00000000d6e00000)
 ParOldGen       total 10752K, used 5590K [0x0000000082000000, 0x0000000082a80000, 0x00000000d6000000)
  object space 10752K, 51% used [0x0000000082000000,0x0000000082575a68,0x0000000082a80000)
 Metaspace       used 7406K, capacity 8308K, committed 8448K, reserved 1056768K
  class space    used 891K, capacity 944K, committed 1024K, reserved 1048576K
}
Event: 1.065 GC heap before
{Heap before GC invocations=10 (full 1):
 PSYoungGen      total 11776K, used 11447K [0x00000000d6000000, 0x00000000d7200000, 0x0000000100000000)
  eden space 8192K, 100% used [0x00000000d6000000,0x00000000d6800000,0x00000000d6800000)
  from space 3584K, 90% used [0x00000000d6e80000,0x00000000d71adf78,0x00000000d7200000)
  to   space 4096K, 0% used [0x00000000d6a00000,0x00000000d6a00000,0x00000000d6e00000)
 ParOldGen       total 10752K, used 5590K [0x0000000082000000, 0x0000000082a80000, 0x00000000d6000000)
  object space 10752K, 51% used [0x0000000082000000,0x0000000082575a68,0x0000000082a80000)
 Metaspace       used 7576K, capacity 8436K, committed 8704K, reserved 1056768K
  class space    used 901K, capacity 944K, committed 1024K, reserved 1048576K
Event: 1.070 GC heap after
Heap after GC invocations=10 (full 1):
 PSYoungGen      total 14336K, used 3824K [0x00000000d6000000, 0x00000000d7380000, 0x0000000100000000)
  eden space 10240K, 0% used [0x00000000d6000000,0x00000000d6000000,0x00000000d6a00000)
  from space 4096K, 93% used [0x00000000d6a00000,0x00000000d6dbc3e8,0x00000000d6e00000)
  to   space 4608K, 0% used [0x00000000d6f00000,0x00000000d6f00000,0x00000000d7380000)
 ParOldGen       total 10752K, used 5598K [0x0000000082000000, 0x0000000082a80000, 0x00000000d6000000)
  object space 10752K, 52% used [0x0000000082000000,0x0000000082577a68,0x0000000082a80000)
 Metaspace       used 7576K, capacity 8436K, committed 8704K, reserved 1056768K
  class space    used 901K, capacity 944K, committed 1024K, reserved 1048576K
}
Event: 1.401 GC heap before
{Heap before GC invocations=11 (full 1):
 PSYoungGen      total 14336K, used 14064K [0x00000000d6000000, 0x00000000d7380000, 0x0000000100000000)
  eden space 10240K, 100% used [0x00000000d6000000,0x00000000d6a00000,0x00000000d6a00000)
  from space 4096K, 93% used [0x00000000d6a00000,0x00000000d6dbc3e8,0x00000000d6e00000)
  to   space 4608K, 0% used [0x00000000d6f00000,0x00000000d6f00000,0x00000000d7380000)
 ParOldGen       total 10752K, used 5598K [0x0000000082000000, 0x0000000082a80000, 0x00000000d6000000)
  object space 10752K, 52% used [0x0000000082000000,0x0000000082577a68,0x0000000082a80000)
 Metaspace       used 8355K, capacity 9044K, committed 9216K, reserved 1056768K
  class space    used 956K, capacity 976K, committed 1024K, reserved 1048576K
Event: 1.407 GC heap after
Heap after GC invocations=11 (full 1):
 PSYoungGen      total 13824K, used 4602K [0x00000000d6000000, 0x00000000d7900000, 0x0000000100000000)
  eden space 9216K, 0% used [0x00000000d6000000,0x00000000d6000000,0x00000000d6900000)
  from space 4608K, 99% used [0x00000000d6f00000,0x00000000d737e970,0x00000000d7380000)
  to   space 6144K, 0% used [0x00000000d6900000,0x00000000d6900000,0x00000000d6f00000)
 ParOldGen       total 10752K, used 7094K [0x0000000082000000, 0x0000000082a80000, 0x00000000d6000000)
  object space 10752K, 65% used [0x0000000082000000,0x00000000826eda68,0x0000000082a80000)
 Metaspace       used 8355K, capacity 9044K, committed 9216K, reserved 1056768K
  class space    used 956K, capacity 976K, committed 1024K, reserved 1048576K
}

